xrun: 23.09-s001: (c) Copyright 1995-2023 Cadence Design Systems, Inc.
TOOL:	xrun	23.09-s001: Started on Aug 14, 2025 at 10:32:57 EDT
xrun
	-Q
	-unbuffered
	-timescale 1ns/1ns
	-sysv
	-access +rw
	-uvmnocdnsextra
	-uvmhome /xcelium23.09/tools//methodology/UVM/CDNS-1.2/sv
	/xcelium23.09/tools//methodology/UVM/CDNS-1.2/sv/src/uvm_macros.svh
	design.sv
	testbench.sv
	Top level design units:
		uvm_pkg
		$unit_0x67f934e9
		top
Loading snapshot worklib.top:sv .................... Done
SVSEED default: 1
xcelium> source /xcelium23.09/tools/xcelium/files/xmsimrc
xcelium> source /xcelium23.09/tools//methodology/UVM/CDNS-1.2/sv/files/tcl/uvm_sim.tcl
xcelium> run
UVM_INFO /xcelium23.09/tools/methodology/UVM/CDNS-1.2/sv/src/base/uvm_root.svh(412) @ 0: reporter [UVM/RELNOTES] 
----------------------------------------------------------------
CDNS-UVM-1.2 (23.09-s001)
(C) 2007-2014 Mentor Graphics Corporation
(C) 2007-2014 Cadence Design Systems, Inc.
(C) 2006-2014 Synopsys, Inc.
(C) 2011-2013 Cypress Semiconductor Corp.
(C) 2013-2014 NVIDIA Corporation
----------------------------------------------------------------

  ***********       IMPORTANT RELEASE NOTES         ************

  You are using a version of the UVM library that has been compiled
  with `UVM_NO_DEPRECATED undefined.
  See http://www.eda.org/svdb/view.php?id=3313 for more details.

  You are using a version of the UVM library that has been compiled
  with `UVM_OBJECT_DO_NOT_NEED_CONSTRUCTOR undefined.
  See http://www.eda.org/svdb/view.php?id=3770 for more details.

      (Specify +UVM_NO_RELNOTES to turn off this notice)

UVM_INFO @ 0: reporter [RNTST] Running test my_test...
xmsim: *W,PRPASZ: Packed array at "worklib.uvm_pkg::uvm_string_to_bits.uvm_string_to_bits" of 115200 bits exceeds limit of 4096 - not probed
 Use 'probe -create -packed 115200 worklib.uvm_pkg::uvm_string_to_bits.uvm_string_to_bits' or 'setenv SHM_PACKED_LIMIT 115200' to adjust limit.
xmsim: *W,PRPASZ: Packed array at "worklib.uvm_pkg::uvm_bits_to_string.str" of 115200 bits exceeds limit of 4096 - not probed
 Use 'probe -create -packed 115200 worklib.uvm_pkg::uvm_bits_to_string.str' or 'setenv SHM_PACKED_LIMIT 115200' to adjust limit.
UVM_ERROR scoreboard.sv(18) @ 5: uvm_test_top.my_env.my_scb [SCOREBOARD] Mismatch: expected 0, got x
UVM_INFO scoreboard.sv(20) @ 15: uvm_test_top.my_env.my_scb [SCOREBOARD] Match: 0
UVM_INFO scoreboard.sv(20) @ 25: uvm_test_top.my_env.my_scb [SCOREBOARD] Match: 1
UVM_INFO scoreboard.sv(20) @ 35: uvm_test_top.my_env.my_scb [SCOREBOARD] Match: 2
UVM_INFO scoreboard.sv(20) @ 45: uvm_test_top.my_env.my_scb [SCOREBOARD] Match: 3
UVM_INFO scoreboard.sv(20) @ 55: uvm_test_top.my_env.my_scb [SCOREBOARD] Match: 4
UVM_INFO scoreboard.sv(20) @ 65: uvm_test_top.my_env.my_scb [SCOREBOARD] Match: 5
UVM_INFO scoreboard.sv(20) @ 75: uvm_test_top.my_env.my_scb [SCOREBOARD] Match: 6
UVM_INFO scoreboard.sv(20) @ 85: uvm_test_top.my_env.my_scb [SCOREBOARD] Match: 7
UVM_INFO scoreboard.sv(20) @ 95: uvm_test_top.my_env.my_scb [SCOREBOARD] Match: 8
UVM_INFO scoreboard.sv(20) @ 105: uvm_test_top.my_env.my_scb [SCOREBOARD] Match: 9
UVM_INFO scoreboard.sv(20) @ 115: uvm_test_top.my_env.my_scb [SCOREBOARD] Match: a
UVM_INFO scoreboard.sv(20) @ 125: uvm_test_top.my_env.my_scb [SCOREBOARD] Match: b
UVM_INFO scoreboard.sv(20) @ 135: uvm_test_top.my_env.my_scb [SCOREBOARD] Match: c
UVM_INFO scoreboard.sv(20) @ 145: uvm_test_top.my_env.my_scb [SCOREBOARD] Match: d
UVM_INFO scoreboard.sv(20) @ 155: uvm_test_top.my_env.my_scb [SCOREBOARD] Match: e
UVM_INFO scoreboard.sv(20) @ 165: uvm_test_top.my_env.my_scb [SCOREBOARD] Match: f
UVM_INFO scoreboard.sv(20) @ 175: uvm_test_top.my_env.my_scb [SCOREBOARD] Match: f
UVM_INFO scoreboard.sv(20) @ 185: uvm_test_top.my_env.my_scb [SCOREBOARD] Match: f
UVM_INFO scoreboard.sv(20) @ 195: uvm_test_top.my_env.my_scb [SCOREBOARD] Match: e
UVM_INFO scoreboard.sv(20) @ 205: uvm_test_top.my_env.my_scb [SCOREBOARD] Match: d
UVM_INFO scoreboard.sv(20) @ 215: uvm_test_top.my_env.my_scb [SCOREBOARD] Match: c
UVM_INFO scoreboard.sv(20) @ 225: uvm_test_top.my_env.my_scb [SCOREBOARD] Match: b
UVM_INFO scoreboard.sv(20) @ 235: uvm_test_top.my_env.my_scb [SCOREBOARD] Match: a
UVM_INFO scoreboard.sv(20) @ 245: uvm_test_top.my_env.my_scb [SCOREBOARD] Match: 9
UVM_INFO scoreboard.sv(20) @ 255: uvm_test_top.my_env.my_scb [SCOREBOARD] Match: 8
UVM_INFO scoreboard.sv(20) @ 265: uvm_test_top.my_env.my_scb [SCOREBOARD] Match: 7
UVM_INFO scoreboard.sv(20) @ 275: uvm_test_top.my_env.my_scb [SCOREBOARD] Match: 6
UVM_INFO scoreboard.sv(20) @ 285: uvm_test_top.my_env.my_scb [SCOREBOARD] Match: 5
UVM_INFO scoreboard.sv(20) @ 295: uvm_test_top.my_env.my_scb [SCOREBOARD] Match: 6
UVM_INFO scoreboard.sv(20) @ 305: uvm_test_top.my_env.my_scb [SCOREBOARD] Match: 7
UVM_INFO scoreboard.sv(20) @ 315: uvm_test_top.my_env.my_scb [SCOREBOARD] Match: 8
UVM_INFO scoreboard.sv(20) @ 325: uvm_test_top.my_env.my_scb [SCOREBOARD] Match: 9
UVM_INFO scoreboard.sv(20) @ 335: uvm_test_top.my_env.my_scb [SCOREBOARD] Match: a
UVM_INFO scoreboard.sv(20) @ 345: uvm_test_top.my_env.my_scb [SCOREBOARD] Match: 9
UVM_INFO scoreboard.sv(20) @ 355: uvm_test_top.my_env.my_scb [SCOREBOARD] Match: 8
UVM_INFO scoreboard.sv(20) @ 365: uvm_test_top.my_env.my_scb [SCOREBOARD] Match: 7
UVM_INFO scoreboard.sv(20) @ 375: uvm_test_top.my_env.my_scb [SCOREBOARD] Match: 6
UVM_INFO scoreboard.sv(20) @ 385: uvm_test_top.my_env.my_scb [SCOREBOARD] Match: 5
UVM_INFO /xcelium23.09/tools/methodology/UVM/CDNS-1.2/sv/src/base/uvm_objection.svh(1271) @ 395: reporter [TEST_DONE] 'run' phase is ready to proceed to the 'extract' phase
UVM_INFO /xcelium23.09/tools/methodology/UVM/CDNS-1.2/sv/src/base/uvm_report_server.svh(847) @ 395: reporter [UVM/REPORT/SERVER] 
--- UVM Report Summary ---

** Report counts by severity
UVM_INFO :   41
UVM_WARNING :    0
UVM_ERROR :    1
UVM_FATAL :    0
** Report counts by id
[RNTST]     1
[SCOREBOARD]    39
[TEST_DONE]     1
[UVM/RELNOTES]     1

Simulation complete via $finish(1) at time 395 NS + 64
/xcelium23.09/tools/methodology/UVM/CDNS-1.2/sv/src/base/uvm_root.svh:543     $finish;
xcelium> exit
TOOL:	xrun	23.09-s001: Exiting on Aug 14, 2025 at 10:33:05 EDT  (total: 00:00:08)
